<?xml version="1.0" encoding="UTF-8"?>
<!-- Generated by org.testng.reporters.JUnitReportReporter -->
<testsuite hostname="MacBook-Pro.local" failures="0" tests="21" name="containerBCapp.EngineRunner.A_RunnerClass" time="1003.824" errors="0" timestamp="2023-07-05T23:11:32 IST" skipped="0">
  <testcase classname="containerBCapp.EngineRunner.A_RunnerClass" name="runScenario" time="48.119"/>
  <system-out/>
  <testcase classname="containerBCapp.EngineRunner.A_RunnerClass" name="runScenario" time="12.385"/>
  <system-out/>
  <testcase classname="containerBCapp.EngineRunner.A_RunnerClass" name="runScenario" time="45.557"/>
  <system-out/>
  <testcase classname="containerBCapp.EngineRunner.A_RunnerClass" name="runScenario" time="55.473"/>
  <system-out/>
  <testcase classname="containerBCapp.EngineRunner.A_RunnerClass" name="runScenario" time="165.604"/>
  <system-out/>
  <testcase classname="containerBCapp.EngineRunner.A_RunnerClass" name="runScenario" time="11.782"/>
  <system-out/>
  <testcase classname="containerBCapp.EngineRunner.A_RunnerClass" name="runScenario" time="58.089"/>
  <system-out/>
  <testcase classname="containerBCapp.EngineRunner.A_RunnerClass" name="runScenario" time="11.318"/>
  <system-out/>
  <testcase classname="containerBCapp.EngineRunner.A_RunnerClass" name="runScenario" time="133.579"/>
  <system-out/>
  <testcase classname="containerBCapp.EngineRunner.A_RunnerClass" name="runScenario" time="1.019"/>
  <system-out/>
  <testcase classname="containerBCapp.EngineRunner.A_RunnerClass" name="runScenario" time="24.858"/>
  <system-out/>
  <testcase classname="containerBCapp.EngineRunner.A_RunnerClass" name="runScenario" time="18.046"/>
  <system-out/>
  <testcase classname="containerBCapp.EngineRunner.A_RunnerClass" name="runScenario" time="12.737"/>
  <system-out/>
  <testcase classname="containerBCapp.EngineRunner.A_RunnerClass" name="runScenario" time="15.014"/>
  <system-out/>
  <testcase classname="containerBCapp.EngineRunner.A_RunnerClass" name="runScenario" time="12.050"/>
  <system-out/>
  <testcase classname="containerBCapp.EngineRunner.A_RunnerClass" name="runScenario" time="52.032"/>
  <system-out/>
  <testcase classname="containerBCapp.EngineRunner.A_RunnerClass" name="runScenario" time="46.715"/>
  <system-out/>
  <testcase classname="containerBCapp.EngineRunner.A_RunnerClass" name="runScenario" time="162.756"/>
  <system-out/>
  <testcase classname="containerBCapp.EngineRunner.A_RunnerClass" name="runScenario" time="7.086"/>
  <system-out/>
  <testcase classname="containerBCapp.EngineRunner.A_RunnerClass" name="runScenario" time="60.701"/>
  <system-out/>
  <testcase classname="containerBCapp.EngineRunner.A_RunnerClass" name="runScenario" time="48.904"/>
  <system-out/>
</testsuite> <!-- containerBCapp.EngineRunner.A_RunnerClass -->
