<?xml version="1.0" encoding="UTF-8"?>
<!-- Generated by org.testng.reporters.JUnitReportReporter -->
<testsuite hostname="MacBook-Pro.local" failures="0" tests="2" name="containerBCapp.EngineRunner.A_RunnerClass" time="20.324" errors="2" timestamp="2023-07-19T18:07:00 IST" skipped="0">
  <testcase classname="containerBCapp.EngineRunner.A_RunnerClass" name="runScenario" time="10.649">
    <error type="java.lang.NullPointerException">
      <![CDATA[java.lang.NullPointerException
at containerBCappHooks.Hooks.screenShot(Hooks.java:43)
]]>
    </error>
  </testcase> <!-- runScenario -->
  <system-out/>
  <testcase classname="containerBCapp.EngineRunner.A_RunnerClass" name="runScenario" time="9.675">
    <error type="java.lang.NullPointerException">
      <![CDATA[java.lang.NullPointerException
at containerBCappHooks.Hooks.screenShot(Hooks.java:43)
]]>
    </error>
  </testcase> <!-- runScenario -->
  <system-out/>
</testsuite> <!-- containerBCapp.EngineRunner.A_RunnerClass -->
