<?xml version="1.0" encoding="UTF-8"?>
<!-- Generated by org.testng.reporters.JUnitReportReporter -->
<testsuite hostname="FULL636-PRO.local" failures="0" tests="4" name="containerBCapp.EngineRunner.RunnerClass" time="35.296" errors="0" timestamp="2023-03-09T21:50:32 IST" skipped="0">
  <testcase classname="containerBCapp.EngineRunner.RunnerClass" name="runScenario" time="13.291"/>
  <system-out/>
  <testcase classname="containerBCapp.EngineRunner.RunnerClass" name="runScenario" time="13.830"/>
  <system-out/>
  <testcase classname="containerBCapp.EngineRunner.RunnerClass" name="runScenario" time="4.645"/>
  <system-out/>
  <testcase classname="containerBCapp.EngineRunner.RunnerClass" name="runScenario" time="3.530"/>
  <system-out/>
</testsuite> <!-- containerBCapp.EngineRunner.RunnerClass -->
